30 0 6.141188383102417 15 5
30 1 5.106879949569702 20 5
30 2 6.730373859405518 18 6
30 3 6.6865715980529785 20 5
30 4 5.87078070640564 18 6
30 5 4.767284631729126 15 5
30 6 4.895543098449707 18 6
30 7 6.574929475784302 20 5
30 8 5.87917685508728 18 6
30 9 6.0714263916015625 20 5
40 0 4.9493420124053955 16 4
40 1 6.345398902893066 16 4
40 2 4.957552433013916 16 4
40 3 6.468713760375977 16 4
40 4 5.037890195846558 16 4
40 5 4.866020441055298 16 4
40 6 4.960356950759888 16 4
40 7 6.1821229457855225 12 4
40 8 6.130224943161011 16 4
40 9 5.944917917251587 15 5
50 0 6.536153078079224 16 4
50 1 6.107296943664551 12 4
50 2 5.964724779129028 16 4
50 3 6.282186269760132 12 4
50 4 6.609842777252197 16 4
50 5 4.8929359912872314 12 4
50 6 5.610635757446289 12 4
50 7 6.355993032455444 12 4
50 8 4.92113995552063 12 4
50 9 5.7772605419158936 12 4
60 0 6.429156064987183 12 4
60 1 6.421532869338989 12 4
60 2 6.298426389694214 12 4
60 3 6.423013210296631 12 4
60 4 6.419746160507202 12 4
60 5 6.4286229610443115 12 4
60 6 5.532944679260254 12 4
60 7 6.710297346115112 12 4
60 8 5.101616144180298 12 3
60 9 5.695460319519043 12 4
70 0 6.64189887046814 12 4
70 1 6.474517583847046 12 4
70 2 6.636630535125732 12 4
70 3 6.298314809799194 12 4
70 4 6.583827495574951 12 3
70 5 6.84747838973999 12 3
70 6 6.386012077331543 12 4
70 7 6.69996190071106 12 4
70 8 6.827160120010376 12 3
70 9 6.704056024551392 12 3